<?xml version="1.0" encoding="UTF-8"?>
<!-- Generated by org.testng.reporters.JUnitReportReporter -->
<testsuite skipped="0" hostname="BDC6-DX-6B89NK2" name="com.test.TableData" tests="1" failures="0" timestamp="19 Sep 2019 11:12:25 GMT" time="12.246" errors="0">
  <testcase name="f" time="12.246" classname="com.test.TableData"/>
</testsuite> <!-- com.test.TableData -->
