<?xml version="1.0" encoding="UTF-8"?>
<!-- Generated by org.testng.reporters.JUnitReportReporter -->
<testsuite skipped="0" hostname="BDC6-DX-6B89NK2" name="com.test.ApachePOI" tests="1" failures="0" timestamp="19 Sep 2019 07:33:08 GMT" time="37.545" errors="0">
  <testcase name="f" time="37.545" classname="com.test.ApachePOI"/>
</testsuite> <!-- com.test.ApachePOI -->
